<?xml version="1.0" encoding="UTF-8"?>
<testng-results ignored="0" total="1" passed="1" failed="0" skipped="0">
  <reporter-output>
  </reporter-output>
  <suite started-at="2022-08-04T17:48:33 BDT" name="Default suite" finished-at="2022-08-04T17:48:56 BDT" duration-ms="23329">
    <groups>
    </groups>
    <test started-at="2022-08-04T17:48:33 BDT" name="Default test" finished-at="2022-08-04T17:48:56 BDT" duration-ms="23329">
      <class name="testCase.TC001">
        <test-method is-config="true" signature="setup()[pri:0, instance:testCase.TC001@26e356f0]" started-at="2022-08-04T17:48:26 BDT" name="setup" finished-at="2022-08-04T17:48:33 BDT" duration-ms="7135" status="PASS">
          <reporter-output>
          </reporter-output>
        </test-method> <!-- setup -->
        <test-method signature="locatorLearning()[pri:0, instance:testCase.TC001@26e356f0]" started-at="2022-08-04T17:48:33 BDT" name="locatorLearning" finished-at="2022-08-04T17:48:56 BDT" duration-ms="23264" status="PASS">
          <reporter-output>
          </reporter-output>
        </test-method> <!-- locatorLearning -->
        <test-method is-config="true" signature="tearDown()[pri:0, instance:testCase.TC001@26e356f0]" started-at="2022-08-04T17:48:56 BDT" name="tearDown" finished-at="2022-08-04T17:48:57 BDT" duration-ms="532" status="PASS">
          <reporter-output>
          </reporter-output>
        </test-method> <!-- tearDown -->
      </class> <!-- testCase.TC001 -->
    </test> <!-- Default test -->
  </suite> <!-- Default suite -->
</testng-results>
