<?xml version="1.0" encoding="UTF-8"?>
<testng-results ignored="0" total="1" passed="1" failed="0" skipped="0">
  <reporter-output>
  </reporter-output>
  <suite started-at="2022-08-03T15:41:34 BDT" name="Default suite" finished-at="2022-08-03T15:41:58 BDT" duration-ms="23281">
    <groups>
    </groups>
    <test started-at="2022-08-03T15:41:34 BDT" name="Default test" finished-at="2022-08-03T15:41:58 BDT" duration-ms="23281">
      <class name="testCase.TC002">
        <test-method is-config="true" signature="setup()[pri:0, instance:testCase.TC002@4b8ee4de]" started-at="2022-08-03T15:41:29 BDT" name="setup" finished-at="2022-08-03T15:41:34 BDT" duration-ms="5140" status="PASS">
          <reporter-output>
          </reporter-output>
        </test-method> <!-- setup -->
        <test-method signature="locatorLearning()[pri:0, instance:testCase.TC002@4b8ee4de]" started-at="2022-08-03T15:41:34 BDT" name="locatorLearning" finished-at="2022-08-03T15:41:58 BDT" duration-ms="23203" status="PASS">
          <reporter-output>
          </reporter-output>
        </test-method> <!-- locatorLearning -->
        <test-method is-config="true" signature="tearDown()[pri:0, instance:testCase.TC002@4b8ee4de]" started-at="2022-08-03T15:41:58 BDT" name="tearDown" finished-at="2022-08-03T15:41:58 BDT" duration-ms="384" status="PASS">
          <reporter-output>
          </reporter-output>
        </test-method> <!-- tearDown -->
      </class> <!-- testCase.TC002 -->
    </test> <!-- Default test -->
  </suite> <!-- Default suite -->
</testng-results>
