<?xml version="1.0" encoding="UTF-8"?>
<testng-results ignored="0" total="1" passed="1" failed="0" skipped="0">
  <reporter-output>
  </reporter-output>
  <suite started-at="2022-07-20T12:35:17 BDT" name="Default suite" finished-at="2022-07-20T12:35:34 BDT" duration-ms="17936">
    <groups>
    </groups>
    <test started-at="2022-07-20T12:35:17 BDT" name="Default test" finished-at="2022-07-20T12:35:34 BDT" duration-ms="17936">
      <class name="testCase.TC001_LocatorLearing">
        <test-method is-config="true" signature="setup()[pri:0, instance:testCase.TC001_LocatorLearing@26e356f0]" started-at="2022-07-20T12:35:11 BDT" name="setup" finished-at="2022-07-20T12:35:17 BDT" duration-ms="5298" status="PASS">
          <reporter-output>
          </reporter-output>
        </test-method> <!-- setup -->
        <test-method signature="locatorLearning()[pri:0, instance:testCase.TC001_LocatorLearing@26e356f0]" started-at="2022-07-20T12:35:17 BDT" name="locatorLearning" finished-at="2022-07-20T12:35:34 BDT" duration-ms="17852" status="PASS">
          <reporter-output>
          </reporter-output>
        </test-method> <!-- locatorLearning -->
        <test-method is-config="true" signature="tearDown()[pri:0, instance:testCase.TC001_LocatorLearing@26e356f0]" started-at="2022-07-20T12:35:34 BDT" name="tearDown" finished-at="2022-07-20T12:35:35 BDT" duration-ms="461" status="PASS">
          <reporter-output>
          </reporter-output>
        </test-method> <!-- tearDown -->
      </class> <!-- testCase.TC001_LocatorLearing -->
    </test> <!-- Default test -->
  </suite> <!-- Default suite -->
</testng-results>
